2023-02-08 16:40:58.423  INFO 15416 --- [main] uz.mc.apptender.AppTenderApplication     : Starting AppTenderApplication using Java 17.0.5 on WIN-O6HJL76B2L0 with PID 15416 (D:\Java-apps\app-tender\target\classes started by User in D:\Java-apps\app-tender)
2023-02-08 16:40:58.425  INFO 15416 --- [main] uz.mc.apptender.AppTenderApplication     : The following 1 profile is active: "dev"
2023-02-08 16:40:58.734  INFO 15416 --- [main] .s.d.r.c.RepositoryConfigurationDelegate : Bootstrapping Spring Data JPA repositories in DEFAULT mode.
2023-02-08 16:40:58.759  INFO 15416 --- [main] .s.d.r.c.RepositoryConfigurationDelegate : Finished Spring Data repository scanning in 21 ms. Found 2 JPA repository interfaces.
2023-02-08 16:40:59.035  INFO 15416 --- [main] o.s.b.w.embedded.tomcat.TomcatWebServer  : Tomcat initialized with port(s): 80 (http)
2023-02-08 16:40:59.039  INFO 15416 --- [main] o.apache.catalina.core.StandardService   : Starting service [Tomcat]
2023-02-08 16:40:59.040  INFO 15416 --- [main] org.apache.catalina.core.StandardEngine  : Starting Servlet engine: [Apache Tomcat/9.0.69]
2023-02-08 16:40:59.099  INFO 15416 --- [main] o.a.c.c.C.[Tomcat].[localhost].[/]       : Initializing Spring embedded WebApplicationContext
2023-02-08 16:40:59.099  INFO 15416 --- [main] w.s.c.ServletWebServerApplicationContext : Root WebApplicationContext: initialization completed in 647 ms
2023-02-08 16:40:59.186  INFO 15416 --- [main] o.hibernate.jpa.internal.util.LogHelper  : HHH000204: Processing PersistenceUnitInfo [name: default]
2023-02-08 16:40:59.208  INFO 15416 --- [main] org.hibernate.Version                    : HHH000412: Hibernate ORM core version 5.6.14.Final
2023-02-08 16:40:59.283  INFO 15416 --- [main] o.hibernate.annotations.common.Version   : HCANN000001: Hibernate Commons Annotations {5.1.2.Final}
2023-02-08 16:40:59.329  INFO 15416 --- [main] com.zaxxer.hikari.HikariDataSource       : HikariPool-1 - Starting...
2023-02-08 16:40:59.407  INFO 15416 --- [main] com.zaxxer.hikari.HikariDataSource       : HikariPool-1 - Start completed.
2023-02-08 16:40:59.427  INFO 15416 --- [main] org.hibernate.dialect.Dialect            : HHH000400: Using dialect: org.hibernate.dialect.PostgreSQL10Dialect
2023-02-08 16:40:59.754  WARN 15416 --- [main] o.h.engine.jdbc.spi.SqlExceptionHelper   : SQL Warning Code: 0, SQLState: 00000
2023-02-08 16:40:59.754  WARN 15416 --- [main] o.h.engine.jdbc.spi.SqlExceptionHelper   : relation "role_permissions" does not exist, skipping
2023-02-08 16:40:59.755  WARN 15416 --- [main] o.h.engine.jdbc.spi.SqlExceptionHelper   : SQL Warning Code: 0, SQLState: 00000
2023-02-08 16:40:59.755  WARN 15416 --- [main] o.h.engine.jdbc.spi.SqlExceptionHelper   : relation "users" does not exist, skipping
2023-02-08 16:40:59.755  WARN 15416 --- [main] o.h.engine.jdbc.spi.SqlExceptionHelper   : SQL Warning Code: 0, SQLState: 00000
2023-02-08 16:40:59.755  WARN 15416 --- [main] o.h.engine.jdbc.spi.SqlExceptionHelper   : table "role" does not exist, skipping
2023-02-08 16:40:59.755  WARN 15416 --- [main] o.h.engine.jdbc.spi.SqlExceptionHelper   : SQL Warning Code: 0, SQLState: 00000
2023-02-08 16:40:59.755  WARN 15416 --- [main] o.h.engine.jdbc.spi.SqlExceptionHelper   : table "role_permissions" does not exist, skipping
2023-02-08 16:40:59.756  WARN 15416 --- [main] o.h.engine.jdbc.spi.SqlExceptionHelper   : SQL Warning Code: 0, SQLState: 00000
2023-02-08 16:40:59.756  WARN 15416 --- [main] o.h.engine.jdbc.spi.SqlExceptionHelper   : table "tender" does not exist, skipping
2023-02-08 16:40:59.756  WARN 15416 --- [main] o.h.engine.jdbc.spi.SqlExceptionHelper   : SQL Warning Code: 0, SQLState: 00000
2023-02-08 16:40:59.756  WARN 15416 --- [main] o.h.engine.jdbc.spi.SqlExceptionHelper   : table "users" does not exist, skipping
2023-02-08 16:40:59.788  INFO 15416 --- [main] o.h.e.t.j.p.i.JtaPlatformInitiator       : HHH000490: Using JtaPlatform implementation: [org.hibernate.engine.transaction.jta.platform.internal.NoJtaPlatform]
2023-02-08 16:40:59.792  INFO 15416 --- [main] j.LocalContainerEntityManagerFactoryBean : Initialized JPA EntityManagerFactory for persistence unit 'default'
2023-02-08 16:41:00.078  WARN 15416 --- [main] JpaBaseConfiguration$JpaWebConfiguration : spring.jpa.open-in-view is enabled by default. Therefore, database queries may be performed during view rendering. Explicitly configure spring.jpa.open-in-view to disable this warning
2023-02-08 16:41:00.167  INFO 15416 --- [main] o.s.s.web.DefaultSecurityFilterChain     : Will secure any request with [org.springframework.security.web.session.DisableEncodeUrlFilter@394b9e22, org.springframework.security.web.context.request.async.WebAsyncManagerIntegrationFilter@6e0f259e, org.springframework.security.web.context.SecurityContextPersistenceFilter@8ce4320, org.springframework.security.web.header.HeaderWriterFilter@7d75940, org.springframework.web.filter.CorsFilter@4fe9adfb, org.springframework.security.web.authentication.logout.LogoutFilter@25b8f9d2, org.springframework.security.web.authentication.www.BasicAuthenticationFilter@24ee6faa, org.springframework.security.web.savedrequest.RequestCacheAwareFilter@3c538e62, org.springframework.security.web.servletapi.SecurityContextHolderAwareRequestFilter@ca0a21f, org.springframework.security.web.authentication.AnonymousAuthenticationFilter@f8fe81e, org.springframework.security.web.session.SessionManagementFilter@16fb9fdd, org.springframework.security.web.access.ExceptionTranslationFilter@16c9f7f0, org.springframework.security.web.access.intercept.AuthorizationFilter@49322d04]
2023-02-08 16:41:00.291  INFO 15416 --- [main] o.s.b.w.embedded.tomcat.TomcatWebServer  : Tomcat started on port(s): 80 (http) with context path ''
2023-02-08 16:41:00.297  INFO 15416 --- [main] uz.mc.apptender.AppTenderApplication     : Started AppTenderApplication in 2.139 seconds (JVM running for 2.64)
2023-02-08 16:58:50.406  INFO 15416 --- [SpringApplicationShutdownHook] j.LocalContainerEntityManagerFactoryBean : Closing JPA EntityManagerFactory for persistence unit 'default'
2023-02-08 16:58:50.407  INFO 15416 --- [SpringApplicationShutdownHook] com.zaxxer.hikari.HikariDataSource       : HikariPool-1 - Shutdown initiated...
2023-02-08 16:58:50.408  INFO 15416 --- [SpringApplicationShutdownHook] com.zaxxer.hikari.HikariDataSource       : HikariPool-1 - Shutdown completed.
2023-02-08 18:05:19.055  INFO 11948 --- [main] uz.mc.apptender.AppTenderApplication     : Starting AppTenderApplication using Java 17.0.5 on WIN-O6HJL76B2L0 with PID 11948 (D:\Java-apps\app-tender\target\classes started by User in D:\Java-apps\app-tender)
2023-02-08 18:05:19.057  INFO 11948 --- [main] uz.mc.apptender.AppTenderApplication     : The following 1 profile is active: "dev"
2023-02-08 18:05:19.385  INFO 11948 --- [main] .s.d.r.c.RepositoryConfigurationDelegate : Bootstrapping Spring Data JPA repositories in DEFAULT mode.
2023-02-08 18:05:19.417  INFO 11948 --- [main] .s.d.r.c.RepositoryConfigurationDelegate : Finished Spring Data repository scanning in 28 ms. Found 3 JPA repository interfaces.
2023-02-08 18:05:19.691  INFO 11948 --- [main] o.s.b.w.embedded.tomcat.TomcatWebServer  : Tomcat initialized with port(s): 80 (http)
2023-02-08 18:05:19.695  INFO 11948 --- [main] o.apache.catalina.core.StandardService   : Starting service [Tomcat]
2023-02-08 18:05:19.696  INFO 11948 --- [main] org.apache.catalina.core.StandardEngine  : Starting Servlet engine: [Apache Tomcat/9.0.69]
2023-02-08 18:05:19.746  INFO 11948 --- [main] o.a.c.c.C.[Tomcat].[localhost].[/]       : Initializing Spring embedded WebApplicationContext
2023-02-08 18:05:19.746  INFO 11948 --- [main] w.s.c.ServletWebServerApplicationContext : Root WebApplicationContext: initialization completed in 663 ms
2023-02-08 18:05:19.818  INFO 11948 --- [main] o.hibernate.jpa.internal.util.LogHelper  : HHH000204: Processing PersistenceUnitInfo [name: default]
2023-02-08 18:05:19.840  INFO 11948 --- [main] org.hibernate.Version                    : HHH000412: Hibernate ORM core version 5.6.14.Final
2023-02-08 18:05:19.910  INFO 11948 --- [main] o.hibernate.annotations.common.Version   : HCANN000001: Hibernate Commons Annotations {5.1.2.Final}
2023-02-08 18:05:19.965  INFO 11948 --- [main] com.zaxxer.hikari.HikariDataSource       : HikariPool-1 - Starting...
2023-02-08 18:05:20.043  INFO 11948 --- [main] com.zaxxer.hikari.HikariDataSource       : HikariPool-1 - Start completed.
2023-02-08 18:05:20.058  INFO 11948 --- [main] org.hibernate.dialect.Dialect            : HHH000400: Using dialect: org.hibernate.dialect.PostgreSQL10Dialect
2023-02-08 18:05:20.469  INFO 11948 --- [main] o.h.e.t.j.p.i.JtaPlatformInitiator       : HHH000490: Using JtaPlatform implementation: [org.hibernate.engine.transaction.jta.platform.internal.NoJtaPlatform]
2023-02-08 18:05:20.476  INFO 11948 --- [main] j.LocalContainerEntityManagerFactoryBean : Initialized JPA EntityManagerFactory for persistence unit 'default'
2023-02-08 18:05:20.755  WARN 11948 --- [main] JpaBaseConfiguration$JpaWebConfiguration : spring.jpa.open-in-view is enabled by default. Therefore, database queries may be performed during view rendering. Explicitly configure spring.jpa.open-in-view to disable this warning
2023-02-08 18:05:20.841  INFO 11948 --- [main] o.s.s.web.DefaultSecurityFilterChain     : Will secure any request with [org.springframework.security.web.session.DisableEncodeUrlFilter@4056cdb2, org.springframework.security.web.context.request.async.WebAsyncManagerIntegrationFilter@20462820, org.springframework.security.web.context.SecurityContextPersistenceFilter@74cff17c, org.springframework.security.web.header.HeaderWriterFilter@2f4fc18, org.springframework.web.filter.CorsFilter@4c0ab04f, org.springframework.security.web.authentication.logout.LogoutFilter@75ef1392, org.springframework.security.web.authentication.www.BasicAuthenticationFilter@15c3585, org.springframework.security.web.savedrequest.RequestCacheAwareFilter@328bc067, org.springframework.security.web.servletapi.SecurityContextHolderAwareRequestFilter@337fb1a5, org.springframework.security.web.authentication.AnonymousAuthenticationFilter@384f0e32, org.springframework.security.web.session.SessionManagementFilter@35277c6c, org.springframework.security.web.access.ExceptionTranslationFilter@233789d9, org.springframework.security.web.access.intercept.AuthorizationFilter@76219fe]
2023-02-08 18:05:20.959  INFO 11948 --- [main] o.s.b.w.embedded.tomcat.TomcatWebServer  : Tomcat started on port(s): 80 (http) with context path ''
2023-02-08 18:05:20.965  INFO 11948 --- [main] uz.mc.apptender.AppTenderApplication     : Started AppTenderApplication in 2.138 seconds (JVM running for 2.432)
2023-02-08 18:05:23.663  INFO 11948 --- [http-nio-80-exec-1] o.a.c.c.C.[Tomcat].[localhost].[/]       : Initializing Spring DispatcherServlet 'dispatcherServlet'
2023-02-08 18:05:23.663  INFO 11948 --- [http-nio-80-exec-1] o.s.web.servlet.DispatcherServlet        : Initializing Servlet 'dispatcherServlet'
2023-02-08 18:05:23.664  INFO 11948 --- [http-nio-80-exec-1] o.s.web.servlet.DispatcherServlet        : Completed initialization in 1 ms
2023-02-08 18:07:40.703  INFO 11948 --- [SpringApplicationShutdownHook] j.LocalContainerEntityManagerFactoryBean : Closing JPA EntityManagerFactory for persistence unit 'default'
2023-02-08 18:07:40.704  INFO 11948 --- [SpringApplicationShutdownHook] com.zaxxer.hikari.HikariDataSource       : HikariPool-1 - Shutdown initiated...
2023-02-08 18:07:40.706  INFO 11948 --- [SpringApplicationShutdownHook] com.zaxxer.hikari.HikariDataSource       : HikariPool-1 - Shutdown completed.
2023-02-08 18:07:43.394  INFO 14680 --- [main] uz.mc.apptender.AppTenderApplication     : Starting AppTenderApplication using Java 17.0.5 on WIN-O6HJL76B2L0 with PID 14680 (D:\Java-apps\app-tender\target\classes started by User in D:\Java-apps\app-tender)
2023-02-08 18:07:43.396  INFO 14680 --- [main] uz.mc.apptender.AppTenderApplication     : The following 1 profile is active: "dev"
2023-02-08 18:07:43.712  INFO 14680 --- [main] .s.d.r.c.RepositoryConfigurationDelegate : Bootstrapping Spring Data JPA repositories in DEFAULT mode.
2023-02-08 18:07:43.744  INFO 14680 --- [main] .s.d.r.c.RepositoryConfigurationDelegate : Finished Spring Data repository scanning in 28 ms. Found 3 JPA repository interfaces.
2023-02-08 18:07:44.021  INFO 14680 --- [main] o.s.b.w.embedded.tomcat.TomcatWebServer  : Tomcat initialized with port(s): 80 (http)
2023-02-08 18:07:44.026  INFO 14680 --- [main] o.apache.catalina.core.StandardService   : Starting service [Tomcat]
2023-02-08 18:07:44.026  INFO 14680 --- [main] org.apache.catalina.core.StandardEngine  : Starting Servlet engine: [Apache Tomcat/9.0.69]
2023-02-08 18:07:44.082  INFO 14680 --- [main] o.a.c.c.C.[Tomcat].[localhost].[/]       : Initializing Spring embedded WebApplicationContext
2023-02-08 18:07:44.082  INFO 14680 --- [main] w.s.c.ServletWebServerApplicationContext : Root WebApplicationContext: initialization completed in 661 ms
2023-02-08 18:07:44.153  INFO 14680 --- [main] o.hibernate.jpa.internal.util.LogHelper  : HHH000204: Processing PersistenceUnitInfo [name: default]
2023-02-08 18:07:44.176  INFO 14680 --- [main] org.hibernate.Version                    : HHH000412: Hibernate ORM core version 5.6.14.Final
2023-02-08 18:07:44.250  INFO 14680 --- [main] o.hibernate.annotations.common.Version   : HCANN000001: Hibernate Commons Annotations {5.1.2.Final}
2023-02-08 18:07:44.307  INFO 14680 --- [main] com.zaxxer.hikari.HikariDataSource       : HikariPool-1 - Starting...
2023-02-08 18:07:44.396  INFO 14680 --- [main] com.zaxxer.hikari.HikariDataSource       : HikariPool-1 - Start completed.
2023-02-08 18:07:44.411  INFO 14680 --- [main] org.hibernate.dialect.Dialect            : HHH000400: Using dialect: org.hibernate.dialect.PostgreSQL10Dialect
2023-02-08 18:07:44.804  INFO 14680 --- [main] o.h.e.t.j.p.i.JtaPlatformInitiator       : HHH000490: Using JtaPlatform implementation: [org.hibernate.engine.transaction.jta.platform.internal.NoJtaPlatform]
2023-02-08 18:07:44.808  INFO 14680 --- [main] j.LocalContainerEntityManagerFactoryBean : Initialized JPA EntityManagerFactory for persistence unit 'default'
2023-02-08 18:07:45.089  WARN 14680 --- [main] JpaBaseConfiguration$JpaWebConfiguration : spring.jpa.open-in-view is enabled by default. Therefore, database queries may be performed during view rendering. Explicitly configure spring.jpa.open-in-view to disable this warning
2023-02-08 18:07:45.180  INFO 14680 --- [main] o.s.s.web.DefaultSecurityFilterChain     : Will secure any request with [org.springframework.security.web.session.DisableEncodeUrlFilter@4853f592, org.springframework.security.web.context.request.async.WebAsyncManagerIntegrationFilter@52d434c1, org.springframework.security.web.context.SecurityContextPersistenceFilter@17fa14a3, org.springframework.security.web.header.HeaderWriterFilter@49005dc4, org.springframework.web.filter.CorsFilter@5d035ab6, org.springframework.security.web.authentication.logout.LogoutFilter@7187078a, org.springframework.security.web.authentication.www.BasicAuthenticationFilter@37b5a51c, org.springframework.security.web.savedrequest.RequestCacheAwareFilter@3b3190fd, org.springframework.security.web.servletapi.SecurityContextHolderAwareRequestFilter@219dd935, org.springframework.security.web.authentication.AnonymousAuthenticationFilter@3407ded1, org.springframework.security.web.session.SessionManagementFilter@488b46da, org.springframework.security.web.access.ExceptionTranslationFilter@74faf450, org.springframework.security.web.access.intercept.AuthorizationFilter@4965454c]
2023-02-08 18:07:45.303  INFO 14680 --- [main] o.s.b.w.embedded.tomcat.TomcatWebServer  : Tomcat started on port(s): 80 (http) with context path ''
2023-02-08 18:07:45.310  INFO 14680 --- [main] uz.mc.apptender.AppTenderApplication     : Started AppTenderApplication in 2.164 seconds (JVM running for 2.502)
2023-02-08 18:07:50.233  INFO 14680 --- [http-nio-80-exec-3] o.a.c.c.C.[Tomcat].[localhost].[/]       : Initializing Spring DispatcherServlet 'dispatcherServlet'
2023-02-08 18:07:50.233  INFO 14680 --- [http-nio-80-exec-3] o.s.web.servlet.DispatcherServlet        : Initializing Servlet 'dispatcherServlet'
2023-02-08 18:07:50.233  INFO 14680 --- [http-nio-80-exec-3] o.s.web.servlet.DispatcherServlet        : Completed initialization in 0 ms
2023-02-08 18:09:00.232  INFO 14680 --- [SpringApplicationShutdownHook] j.LocalContainerEntityManagerFactoryBean : Closing JPA EntityManagerFactory for persistence unit 'default'
2023-02-08 18:09:00.233  INFO 14680 --- [SpringApplicationShutdownHook] com.zaxxer.hikari.HikariDataSource       : HikariPool-1 - Shutdown initiated...
2023-02-08 18:09:00.235  INFO 14680 --- [SpringApplicationShutdownHook] com.zaxxer.hikari.HikariDataSource       : HikariPool-1 - Shutdown completed.
2023-02-08 18:09:02.252  INFO 7720 --- [main] uz.mc.apptender.AppTenderApplication     : Starting AppTenderApplication using Java 17.0.5 on WIN-O6HJL76B2L0 with PID 7720 (D:\Java-apps\app-tender\target\classes started by User in D:\Java-apps\app-tender)
2023-02-08 18:09:02.254  INFO 7720 --- [main] uz.mc.apptender.AppTenderApplication     : The following 1 profile is active: "dev"
2023-02-08 18:09:02.609  INFO 7720 --- [main] .s.d.r.c.RepositoryConfigurationDelegate : Bootstrapping Spring Data JPA repositories in DEFAULT mode.
2023-02-08 18:09:02.646  INFO 7720 --- [main] .s.d.r.c.RepositoryConfigurationDelegate : Finished Spring Data repository scanning in 32 ms. Found 3 JPA repository interfaces.
2023-02-08 18:09:02.954  INFO 7720 --- [main] o.s.b.w.embedded.tomcat.TomcatWebServer  : Tomcat initialized with port(s): 80 (http)
2023-02-08 18:09:02.959  INFO 7720 --- [main] o.apache.catalina.core.StandardService   : Starting service [Tomcat]
2023-02-08 18:09:02.959  INFO 7720 --- [main] org.apache.catalina.core.StandardEngine  : Starting Servlet engine: [Apache Tomcat/9.0.69]
2023-02-08 18:09:03.017  INFO 7720 --- [main] o.a.c.c.C.[Tomcat].[localhost].[/]       : Initializing Spring embedded WebApplicationContext
2023-02-08 18:09:03.017  INFO 7720 --- [main] w.s.c.ServletWebServerApplicationContext : Root WebApplicationContext: initialization completed in 738 ms
2023-02-08 18:09:03.097  INFO 7720 --- [main] o.hibernate.jpa.internal.util.LogHelper  : HHH000204: Processing PersistenceUnitInfo [name: default]
2023-02-08 18:09:03.124  INFO 7720 --- [main] org.hibernate.Version                    : HHH000412: Hibernate ORM core version 5.6.14.Final
2023-02-08 18:09:03.212  INFO 7720 --- [main] o.hibernate.annotations.common.Version   : HCANN000001: Hibernate Commons Annotations {5.1.2.Final}
2023-02-08 18:09:03.276  INFO 7720 --- [main] com.zaxxer.hikari.HikariDataSource       : HikariPool-1 - Starting...
2023-02-08 18:09:03.366  INFO 7720 --- [main] com.zaxxer.hikari.HikariDataSource       : HikariPool-1 - Start completed.
2023-02-08 18:09:03.384  INFO 7720 --- [main] org.hibernate.dialect.Dialect            : HHH000400: Using dialect: org.hibernate.dialect.PostgreSQL10Dialect
2023-02-08 18:09:03.825  INFO 7720 --- [main] o.h.e.t.j.p.i.JtaPlatformInitiator       : HHH000490: Using JtaPlatform implementation: [org.hibernate.engine.transaction.jta.platform.internal.NoJtaPlatform]
2023-02-08 18:09:03.830  INFO 7720 --- [main] j.LocalContainerEntityManagerFactoryBean : Initialized JPA EntityManagerFactory for persistence unit 'default'
2023-02-08 18:09:04.158  WARN 7720 --- [main] JpaBaseConfiguration$JpaWebConfiguration : spring.jpa.open-in-view is enabled by default. Therefore, database queries may be performed during view rendering. Explicitly configure spring.jpa.open-in-view to disable this warning
2023-02-08 18:09:04.253  INFO 7720 --- [main] o.s.s.web.DefaultSecurityFilterChain     : Will secure any request with [org.springframework.security.web.session.DisableEncodeUrlFilter@1bcf2c64, org.springframework.security.web.context.request.async.WebAsyncManagerIntegrationFilter@b5bddfe, org.springframework.security.web.context.SecurityContextPersistenceFilter@647ce968, org.springframework.security.web.header.HeaderWriterFilter@104cf647, org.springframework.web.filter.CorsFilter@4fe3f9ef, org.springframework.security.web.authentication.logout.LogoutFilter@29d81c22, org.springframework.security.web.authentication.www.BasicAuthenticationFilter@32f45e15, org.springframework.security.web.savedrequest.RequestCacheAwareFilter@4bc9451b, org.springframework.security.web.servletapi.SecurityContextHolderAwareRequestFilter@74a3160d, org.springframework.security.web.authentication.AnonymousAuthenticationFilter@2c86b0ea, org.springframework.security.web.session.SessionManagementFilter@332fa6ce, org.springframework.security.web.access.ExceptionTranslationFilter@7f9dbe11, org.springframework.security.web.access.intercept.AuthorizationFilter@7c07023]
2023-02-08 18:09:04.412  INFO 7720 --- [main] o.s.b.w.embedded.tomcat.TomcatWebServer  : Tomcat started on port(s): 80 (http) with context path ''
2023-02-08 18:09:04.418  INFO 7720 --- [main] uz.mc.apptender.AppTenderApplication     : Started AppTenderApplication in 2.4 seconds (JVM running for 3.078)
2023-02-08 18:09:18.251  INFO 7720 --- [http-nio-80-exec-2] o.a.c.c.C.[Tomcat].[localhost].[/]       : Initializing Spring DispatcherServlet 'dispatcherServlet'
2023-02-08 18:09:18.251  INFO 7720 --- [http-nio-80-exec-2] o.s.web.servlet.DispatcherServlet        : Initializing Servlet 'dispatcherServlet'
2023-02-08 18:09:18.251  INFO 7720 --- [http-nio-80-exec-2] o.s.web.servlet.DispatcherServlet        : Completed initialization in 0 ms
2023-02-08 18:10:24.223  WARN 7720 --- [HikariPool-1 housekeeper] com.zaxxer.hikari.pool.HikariPool        : HikariPool-1 - Thread starvation or clock leap detected (housekeeper delta=1m20s746ms690µs600ns).
2023-02-08 18:13:45.019  WARN 7720 --- [http-nio-80-exec-8] o.h.engine.jdbc.spi.SqlExceptionHelper   : SQL Error: 0, SQLState: 23502
2023-02-08 18:13:45.019 ERROR 7720 --- [http-nio-80-exec-8] o.h.engine.jdbc.spi.SqlExceptionHelper   : ERROR: null value in column "ed_ism" of relation "tender" violates not-null constraint
  Detail: Failing row contains (1, 2023-02-08 18:13:45.012998, 2023-02-08 18:13:45.012998, 1, null, null,  фундаменты монолитные ж/б, 0, 0.00, 40.00, 0.00, 1, 2, 1).
2023-02-08 18:13:45.020  INFO 7720 --- [http-nio-80-exec-8] o.h.e.j.b.internal.AbstractBatchImpl     : HHH000010: On release of batch it still contained JDBC statements
2023-02-08 18:13:53.771  WARN 7720 --- [http-nio-80-exec-10] o.h.engine.jdbc.spi.SqlExceptionHelper   : SQL Error: 0, SQLState: 23502
2023-02-08 18:13:53.772 ERROR 7720 --- [http-nio-80-exec-10] o.h.engine.jdbc.spi.SqlExceptionHelper   : ERROR: null value in column "ed_ism" of relation "tender" violates not-null constraint
  Detail: Failing row contains (1, 2023-02-08 18:13:53.771226, 2023-02-08 18:13:53.771226, 1, null, null,  фундаменты монолитные ж/б, 0, 0.00, 40.00, 0.00, 1, 2, 1).
2023-02-08 18:13:53.772  INFO 7720 --- [http-nio-80-exec-10] o.h.e.j.b.internal.AbstractBatchImpl     : HHH000010: On release of batch it still contained JDBC statements
2023-02-08 18:15:18.983  WARN 7720 --- [HikariPool-1 housekeeper] com.zaxxer.hikari.pool.HikariPool        : HikariPool-1 - Thread starvation or clock leap detected (housekeeper delta=1m24s716ms223µs400ns).
2023-02-08 18:15:18.986  WARN 7720 --- [http-nio-80-exec-3] o.h.engine.jdbc.spi.SqlExceptionHelper   : SQL Error: 0, SQLState: 23502
2023-02-08 18:15:18.986 ERROR 7720 --- [http-nio-80-exec-3] o.h.engine.jdbc.spi.SqlExceptionHelper   : ERROR: null value in column "ed_ism" of relation "tender" violates not-null constraint
  Detail: Failing row contains (1, 2023-02-08 18:15:18.985746, 2023-02-08 18:15:18.985746, 1, null, null,  фундаменты монолитные ж/б, 0, 0.00, 40.00, 0.00, 1, 2, 1).
2023-02-08 18:15:18.986  INFO 7720 --- [http-nio-80-exec-3] o.h.e.j.b.internal.AbstractBatchImpl     : HHH000010: On release of batch it still contained JDBC statements
2023-02-08 18:16:40.725  WARN 7720 --- [http-nio-80-exec-7] o.h.p.entity.AbstractEntityPersister     : HHH000502: The [updatedAt] property of the [uz.mc.apptender.modules.Tender] entity was modified, but it won't be updated because the property is immutable.
2023-02-08 18:17:13.749  INFO 7720 --- [SpringApplicationShutdownHook] j.LocalContainerEntityManagerFactoryBean : Closing JPA EntityManagerFactory for persistence unit 'default'
2023-02-08 18:17:13.750  INFO 7720 --- [SpringApplicationShutdownHook] com.zaxxer.hikari.HikariDataSource       : HikariPool-1 - Shutdown initiated...
2023-02-08 18:17:13.752  INFO 7720 --- [SpringApplicationShutdownHook] com.zaxxer.hikari.HikariDataSource       : HikariPool-1 - Shutdown completed.
2023-02-08 18:17:16.491  INFO 3524 --- [main] uz.mc.apptender.AppTenderApplication     : Starting AppTenderApplication using Java 17.0.5 on WIN-O6HJL76B2L0 with PID 3524 (D:\Java-apps\app-tender\target\classes started by User in D:\Java-apps\app-tender)
2023-02-08 18:17:16.493  INFO 3524 --- [main] uz.mc.apptender.AppTenderApplication     : The following 1 profile is active: "dev"
2023-02-08 18:17:16.836  INFO 3524 --- [main] .s.d.r.c.RepositoryConfigurationDelegate : Bootstrapping Spring Data JPA repositories in DEFAULT mode.
2023-02-08 18:17:16.871  INFO 3524 --- [main] .s.d.r.c.RepositoryConfigurationDelegate : Finished Spring Data repository scanning in 31 ms. Found 3 JPA repository interfaces.
2023-02-08 18:17:17.175  INFO 3524 --- [main] o.s.b.w.embedded.tomcat.TomcatWebServer  : Tomcat initialized with port(s): 80 (http)
2023-02-08 18:17:17.181  INFO 3524 --- [main] o.apache.catalina.core.StandardService   : Starting service [Tomcat]
2023-02-08 18:17:17.181  INFO 3524 --- [main] org.apache.catalina.core.StandardEngine  : Starting Servlet engine: [Apache Tomcat/9.0.69]
2023-02-08 18:17:17.234  INFO 3524 --- [main] o.a.c.c.C.[Tomcat].[localhost].[/]       : Initializing Spring embedded WebApplicationContext
2023-02-08 18:17:17.234  INFO 3524 --- [main] w.s.c.ServletWebServerApplicationContext : Root WebApplicationContext: initialization completed in 716 ms
2023-02-08 18:17:17.315  INFO 3524 --- [main] o.hibernate.jpa.internal.util.LogHelper  : HHH000204: Processing PersistenceUnitInfo [name: default]
2023-02-08 18:17:17.341  INFO 3524 --- [main] org.hibernate.Version                    : HHH000412: Hibernate ORM core version 5.6.14.Final
2023-02-08 18:17:17.430  INFO 3524 --- [main] o.hibernate.annotations.common.Version   : HCANN000001: Hibernate Commons Annotations {5.1.2.Final}
2023-02-08 18:17:17.489  INFO 3524 --- [main] com.zaxxer.hikari.HikariDataSource       : HikariPool-1 - Starting...
2023-02-08 18:17:17.573  INFO 3524 --- [main] com.zaxxer.hikari.HikariDataSource       : HikariPool-1 - Start completed.
2023-02-08 18:17:17.590  INFO 3524 --- [main] org.hibernate.dialect.Dialect            : HHH000400: Using dialect: org.hibernate.dialect.PostgreSQL10Dialect
2023-02-08 18:17:18.022  INFO 3524 --- [main] o.h.e.t.j.p.i.JtaPlatformInitiator       : HHH000490: Using JtaPlatform implementation: [org.hibernate.engine.transaction.jta.platform.internal.NoJtaPlatform]
2023-02-08 18:17:18.027  INFO 3524 --- [main] j.LocalContainerEntityManagerFactoryBean : Initialized JPA EntityManagerFactory for persistence unit 'default'
2023-02-08 18:17:18.338  WARN 3524 --- [main] JpaBaseConfiguration$JpaWebConfiguration : spring.jpa.open-in-view is enabled by default. Therefore, database queries may be performed during view rendering. Explicitly configure spring.jpa.open-in-view to disable this warning
2023-02-08 18:17:18.432  INFO 3524 --- [main] o.s.s.web.DefaultSecurityFilterChain     : Will secure any request with [org.springframework.security.web.session.DisableEncodeUrlFilter@219a2203, org.springframework.security.web.context.request.async.WebAsyncManagerIntegrationFilter@58fbfefb, org.springframework.security.web.context.SecurityContextPersistenceFilter@4a3383dc, org.springframework.security.web.header.HeaderWriterFilter@29d81c22, org.springframework.web.filter.CorsFilter@1db9c2cf, org.springframework.security.web.authentication.logout.LogoutFilter@48697181, org.springframework.security.web.authentication.www.BasicAuthenticationFilter@1ddc889b, org.springframework.security.web.savedrequest.RequestCacheAwareFilter@47c15468, org.springframework.security.web.servletapi.SecurityContextHolderAwareRequestFilter@9fc2f89, org.springframework.security.web.authentication.AnonymousAuthenticationFilter@32e7df65, org.springframework.security.web.session.SessionManagementFilter@47eff554, org.springframework.security.web.access.ExceptionTranslationFilter@1e75af65, org.springframework.security.web.access.intercept.AuthorizationFilter@583b4af4]
2023-02-08 18:17:18.560  INFO 3524 --- [main] o.s.b.w.embedded.tomcat.TomcatWebServer  : Tomcat started on port(s): 80 (http) with context path ''
2023-02-08 18:17:18.566  INFO 3524 --- [main] uz.mc.apptender.AppTenderApplication     : Started AppTenderApplication in 2.321 seconds (JVM running for 2.726)
2023-02-08 18:17:22.520  INFO 3524 --- [http-nio-80-exec-2] o.a.c.c.C.[Tomcat].[localhost].[/]       : Initializing Spring DispatcherServlet 'dispatcherServlet'
2023-02-08 18:17:22.520  INFO 3524 --- [http-nio-80-exec-2] o.s.web.servlet.DispatcherServlet        : Initializing Servlet 'dispatcherServlet'
2023-02-08 18:17:22.521  INFO 3524 --- [http-nio-80-exec-2] o.s.web.servlet.DispatcherServlet        : Completed initialization in 1 ms
2023-02-08 18:17:43.956  WARN 3524 --- [http-nio-80-exec-3] o.h.p.entity.AbstractEntityPersister     : HHH000502: The [updatedAt] property of the [uz.mc.apptender.modules.Tender] entity was modified, but it won't be updated because the property is immutable.
2023-02-08 18:17:52.405  WARN 3524 --- [http-nio-80-exec-5] o.h.p.entity.AbstractEntityPersister     : HHH000502: The [updatedAt] property of the [uz.mc.apptender.modules.Tender] entity was modified, but it won't be updated because the property is immutable.
2023-02-08 18:17:57.676  WARN 3524 --- [http-nio-80-exec-4] o.h.p.entity.AbstractEntityPersister     : HHH000502: The [updatedAt] property of the [uz.mc.apptender.modules.Tender] entity was modified, but it won't be updated because the property is immutable.
2023-02-08 18:18:04.003  WARN 3524 --- [http-nio-80-exec-6] o.h.p.entity.AbstractEntityPersister     : HHH000502: The [updatedAt] property of the [uz.mc.apptender.modules.Tender] entity was modified, but it won't be updated because the property is immutable.
2023-02-08 18:18:46.713  INFO 3524 --- [SpringApplicationShutdownHook] j.LocalContainerEntityManagerFactoryBean : Closing JPA EntityManagerFactory for persistence unit 'default'
2023-02-08 18:18:46.714  INFO 3524 --- [SpringApplicationShutdownHook] com.zaxxer.hikari.HikariDataSource       : HikariPool-1 - Shutdown initiated...
2023-02-08 18:18:46.715  INFO 3524 --- [SpringApplicationShutdownHook] com.zaxxer.hikari.HikariDataSource       : HikariPool-1 - Shutdown completed.
2023-02-08 18:18:48.394  INFO 12640 --- [main] uz.mc.apptender.AppTenderApplication     : Starting AppTenderApplication using Java 17.0.5 on WIN-O6HJL76B2L0 with PID 12640 (D:\Java-apps\app-tender\target\classes started by User in D:\Java-apps\app-tender)
2023-02-08 18:18:48.396  INFO 12640 --- [main] uz.mc.apptender.AppTenderApplication     : The following 1 profile is active: "dev"
2023-02-08 18:18:48.740  INFO 12640 --- [main] .s.d.r.c.RepositoryConfigurationDelegate : Bootstrapping Spring Data JPA repositories in DEFAULT mode.
2023-02-08 18:18:48.775  INFO 12640 --- [main] .s.d.r.c.RepositoryConfigurationDelegate : Finished Spring Data repository scanning in 31 ms. Found 3 JPA repository interfaces.
2023-02-08 18:18:49.079  INFO 12640 --- [main] o.s.b.w.embedded.tomcat.TomcatWebServer  : Tomcat initialized with port(s): 80 (http)
2023-02-08 18:18:49.083  INFO 12640 --- [main] o.apache.catalina.core.StandardService   : Starting service [Tomcat]
2023-02-08 18:18:49.083  INFO 12640 --- [main] org.apache.catalina.core.StandardEngine  : Starting Servlet engine: [Apache Tomcat/9.0.69]
2023-02-08 18:18:49.136  INFO 12640 --- [main] o.a.c.c.C.[Tomcat].[localhost].[/]       : Initializing Spring embedded WebApplicationContext
2023-02-08 18:18:49.137  INFO 12640 --- [main] w.s.c.ServletWebServerApplicationContext : Root WebApplicationContext: initialization completed in 716 ms
2023-02-08 18:18:49.215  INFO 12640 --- [main] o.hibernate.jpa.internal.util.LogHelper  : HHH000204: Processing PersistenceUnitInfo [name: default]
2023-02-08 18:18:49.242  INFO 12640 --- [main] org.hibernate.Version                    : HHH000412: Hibernate ORM core version 5.6.14.Final
2023-02-08 18:18:49.330  INFO 12640 --- [main] o.hibernate.annotations.common.Version   : HCANN000001: Hibernate Commons Annotations {5.1.2.Final}
2023-02-08 18:18:49.388  INFO 12640 --- [main] com.zaxxer.hikari.HikariDataSource       : HikariPool-1 - Starting...
2023-02-08 18:18:49.472  INFO 12640 --- [main] com.zaxxer.hikari.HikariDataSource       : HikariPool-1 - Start completed.
2023-02-08 18:18:49.489  INFO 12640 --- [main] org.hibernate.dialect.Dialect            : HHH000400: Using dialect: org.hibernate.dialect.PostgreSQL10Dialect
2023-02-08 18:18:49.920  INFO 12640 --- [main] o.h.e.t.j.p.i.JtaPlatformInitiator       : HHH000490: Using JtaPlatform implementation: [org.hibernate.engine.transaction.jta.platform.internal.NoJtaPlatform]
2023-02-08 18:18:49.925  INFO 12640 --- [main] j.LocalContainerEntityManagerFactoryBean : Initialized JPA EntityManagerFactory for persistence unit 'default'
2023-02-08 18:18:50.252  WARN 12640 --- [main] JpaBaseConfiguration$JpaWebConfiguration : spring.jpa.open-in-view is enabled by default. Therefore, database queries may be performed during view rendering. Explicitly configure spring.jpa.open-in-view to disable this warning
2023-02-08 18:18:50.352  INFO 12640 --- [main] o.s.s.web.DefaultSecurityFilterChain     : Will secure any request with [org.springframework.security.web.session.DisableEncodeUrlFilter@524dd373, org.springframework.security.web.context.request.async.WebAsyncManagerIntegrationFilter@5ca3acad, org.springframework.security.web.context.SecurityContextPersistenceFilter@4777f71e, org.springframework.security.web.header.HeaderWriterFilter@647ce968, org.springframework.web.filter.CorsFilter@b75f3f4, org.springframework.security.web.authentication.logout.LogoutFilter@4a3383dc, org.springframework.security.web.authentication.www.BasicAuthenticationFilter@4e481512, org.springframework.security.web.savedrequest.RequestCacheAwareFilter@4a68cbc5, org.springframework.security.web.servletapi.SecurityContextHolderAwareRequestFilter@3a47bf0e, org.springframework.security.web.authentication.AnonymousAuthenticationFilter@691a5c3a, org.springframework.security.web.session.SessionManagementFilter@1cc81ea1, org.springframework.security.web.access.ExceptionTranslationFilter@2cc9a948, org.springframework.security.web.access.intercept.AuthorizationFilter@396c1228]
2023-02-08 18:18:50.489  INFO 12640 --- [main] o.s.b.w.embedded.tomcat.TomcatWebServer  : Tomcat started on port(s): 80 (http) with context path ''
2023-02-08 18:18:50.495  INFO 12640 --- [main] uz.mc.apptender.AppTenderApplication     : Started AppTenderApplication in 2.361 seconds (JVM running for 2.748)
2023-02-08 18:18:57.885  INFO 12640 --- [http-nio-80-exec-1] o.a.c.c.C.[Tomcat].[localhost].[/]       : Initializing Spring DispatcherServlet 'dispatcherServlet'
2023-02-08 18:18:57.885  INFO 12640 --- [http-nio-80-exec-1] o.s.web.servlet.DispatcherServlet        : Initializing Servlet 'dispatcherServlet'
2023-02-08 18:18:57.886  INFO 12640 --- [http-nio-80-exec-1] o.s.web.servlet.DispatcherServlet        : Completed initialization in 1 ms
2023-02-08 18:19:17.658  WARN 12640 --- [http-nio-80-exec-3] o.h.p.entity.AbstractEntityPersister     : HHH000502: The [updatedAt] property of the [uz.mc.apptender.modules.Tender] entity was modified, but it won't be updated because the property is immutable.
2023-02-08 18:22:15.588  INFO 12640 --- [SpringApplicationShutdownHook] j.LocalContainerEntityManagerFactoryBean : Closing JPA EntityManagerFactory for persistence unit 'default'
2023-02-08 18:22:15.588  INFO 12640 --- [SpringApplicationShutdownHook] com.zaxxer.hikari.HikariDataSource       : HikariPool-1 - Shutdown initiated...
2023-02-08 18:22:15.590  INFO 12640 --- [SpringApplicationShutdownHook] com.zaxxer.hikari.HikariDataSource       : HikariPool-1 - Shutdown completed.
